<?xml version="1.0" encoding="utf-8"?>
<faces-config xmlns="http://java.sun.com/xml/ns/javaee"
              xmlns:xsi="http://www.w3.org/2001/XMLSchema-instance"
              xsi:schemaLocation="http://java.sun.com/xml/ns/javaee http://java.sun.com/xml/ns/javaee/web-facesconfig_2_0.xsd"
              version="2.0">

    <application>
        <resource-bundle>
            <base-name>org.primefaces.examples.build</base-name>
            <var>build</var>
        </resource-bundle>
        <action-listener>org.primefaces.application.DialogActionListener</action-listener>
        <navigation-handler>org.primefaces.application.DialogNavigationHandler</navigation-handler>
        <view-handler>org.primefaces.application.DialogViewHandler</view-handler>

        <navigation-handler>org.primefaces.mobile.application.MobileNavigationHandler</navigation-handler>

        <el-resolver>org.primefaces.application.exceptionhandler.PrimeExceptionHandlerELResolver</el-resolver>

        <locale-config>
            <default-locale>en</default-locale>
        </locale-config>
    </application>

    <factory>
        <exception-handler-factory>org.primefaces.application.exceptionhandler.PrimeExceptionHandlerFactory</exception-handler-factory>
    </factory>

    <converter>
        <converter-id>theme</converter-id>
        <converter-class>org.primefaces.showcase.convert.ThemeConverter</converter-class>
    </converter>

</faces-config>