<?xml version="1.0" encoding="UTF-8"?>
<web-app version="3.0" xmlns="http://java.sun.com/xml/ns/javaee" xmlns:xsi="http://www.w3.org/2001/XMLSchema-instance" xsi:schemaLocation="http://java.sun.com/xml/ns/javaee http://java.sun.com/xml/ns/javaee/web-app_3_0.xsd">
    <context-param>
        <param-name>javax.faces.PROJECT_STAGE</param-name>
        <param-value>Production</param-value>
    </context-param>
    <servlet>
        <servlet-name>Faces Servlet</servlet-name>
        <servlet-class>javax.faces.webapp.FacesServlet</servlet-class>
        <load-on-startup>1</load-on-startup>
    </servlet>
    <context-param>
        <param-name>javax.faces.FACELETS_SKIP_COMMENTS</param-name>
        <param-value>true</param-value>
    </context-param>
     <context-param>
        <param-name>STACK_SIZE</param-name>
        <param-value>6</param-value>
    </context-param>
    <context-param>
        <param-name>INITIAL_PAGE</param-name>
        <param-value>home.faces</param-value>
    </context-param>
     <context-param>
        <param-name>ERROR_PAGE</param-name>
        <param-value>error.faces</param-value>
    </context-param>

     <context-param>
        <param-name>primefaces.THEME</param-name>
        <param-value>#{themeMBean.theme}</param-value>
    </context-param>
    <servlet-mapping>
        <servlet-name>Faces Servlet</servlet-name>
        <url-pattern>*.faces</url-pattern>
    </servlet-mapping>
    <session-config>
        <session-timeout>30</session-timeout>
    </session-config>
    <error-page>
      <exception-type>org.jboss.weld.context.NonexistentConversationException</exception-type>
      <location>/error.xhtml</location>
   </error-page>
    <error-page>
      <exception-type>javax.faces.application.ViewExpiredException</exception-type>
      <location>/home.xhtml</location>
   </error-page>
</web-app>
